<?xml version="1.0" encoding="UTF-8"?>
<testsuite name="test.testMercuryTours" tests="2" skipped="0" failures="0" errors="0" timestamp="2021-06-27T00:57:29" hostname="DIEGOMARTINEZ" time="142.578">
  <properties/>
  <testcase name="registerUser" classname="test.testMercuryTours" time="86.734"/>
  <testcase name="singIn" classname="test.testMercuryTours" time="55.843"/>
  <system-out><![CDATA[]]></system-out>
  <system-err><![CDATA[Starting ChromeDriver 91.0.4472.19 (1bf021f248676a0b2ab3ee0561d83a59e424c23e-refs/branch-heads/4472@{#288}) on port 44103
Only local connections are allowed.
Please see https://chromedriver.chromium.org/security-considerations for suggestions on keeping ChromeDriver safe.
ChromeDriver was started successfully.
jun 26, 2021 7:58:18 PM org.openqa.selenium.remote.ProtocolHandshake createSession
INFORMACIÓN: Detected dialect: W3C
Starting ChromeDriver 91.0.4472.19 (1bf021f248676a0b2ab3ee0561d83a59e424c23e-refs/branch-heads/4472@{#288}) on port 22449
Only local connections are allowed.
Please see https://chromedriver.chromium.org/security-considerations for suggestions on keeping ChromeDriver safe.
ChromeDriver was started successfully.
jun 26, 2021 7:59:38 PM org.openqa.selenium.remote.ProtocolHandshake createSession
INFORMACIÓN: Detected dialect: W3C
]]></system-err>
</testsuite>
